<?xml version="1.0" encoding="UTF-8"?>
<!-- Generated by org.testng.reporters.JUnitReportReporter -->
<testsuite skipped="0" hostname="LAPTOP-B2NH5A0A" name="com.actitime.scripts.LoginTest" tests="2" failures="0" timestamp="29 Aug 2018 16:37:42 GMT" time="18.472" errors="0">
  <testcase name="validLogin" time="10.130" classname="com.actitime.scripts.LoginTest"/>
  <testcase name="invalidLogin" time="8.342" classname="com.actitime.scripts.LoginTest"/>
</testsuite> <!-- com.actitime.scripts.LoginTest -->
