<?xml version="1.0" encoding="UTF-8"?>
<!-- Generated by org.testng.reporters.JUnitReportReporter -->
<testsuite skipped="0" hostname="LAPTOP-B2NH5A0A" name="com.actitime.scripts.CreateProjAndDeleteProj" tests="2" failures="0" timestamp="02 Sep 2018 17:45:18 GMT" time="24.341" errors="0">
  <testcase name="DeleteProject" time="11.100" classname="com.actitime.scripts.CreateProjAndDeleteProj"/>
  <testcase name="createProject" time="13.241" classname="com.actitime.scripts.CreateProjAndDeleteProj"/>
</testsuite> <!-- com.actitime.scripts.CreateProjAndDeleteProj -->
