<?xml version="1.0" encoding="UTF-8"?>
<!-- Generated by org.testng.reporters.JUnitReportReporter -->
<testsuite skipped="0" hostname="LAPTOP-B2NH5A0A" name="com.actitime.scripts.FullTest" tests="1" failures="0" timestamp="02 Sep 2018 12:34:55 GMT" time="11.887" errors="0">
  <testcase name="createProject" time="11.887" classname="com.actitime.scripts.FullTest"/>
</testsuite> <!-- com.actitime.scripts.FullTest -->
